CRITICAL - 2024-09-07 20:05:26 --> ErrorException: Undefined variable $clientes
[Method: GET, Route: /]
in APPPATH\Views\clientes\index.php on line 27.
 1 APPPATH\Views\clientes\index.php(27): CodeIgniter\Debug\Exceptions->errorHandler(2, 'Undefined variable $clientes', 'C:\\xampp\\htdocs\\frame_ci4\\Parcial\\app\\Views\\clientes\\index.php', 27)
 2 SYSTEMPATH\View\View.php(234): include('C:\\xampp\\htdocs\\frame_ci4\\Parcial\\app\\Views\\clientes\\index.php')
 3 SYSTEMPATH\View\View.php(237): CodeIgniter\View\View->CodeIgniter\View\{closure}()
 4 SYSTEMPATH\Common.php(1169): CodeIgniter\View\View->render('clientes/index', [], true)
 5 APPPATH\Controllers\Home.php(9): view('clientes/index')
 6 SYSTEMPATH\CodeIgniter.php(933): App\Controllers\Home->index()
 7 SYSTEMPATH\CodeIgniter.php(509): CodeIgniter\CodeIgniter->runController(Object(App\Controllers\Home))
 8 SYSTEMPATH\CodeIgniter.php(355): CodeIgniter\CodeIgniter->handleRequest(null, Object(Config\Cache), false)
 9 SYSTEMPATH\Boot.php(325): CodeIgniter\CodeIgniter->run()
10 SYSTEMPATH\Boot.php(67): CodeIgniter\Boot::runCodeIgniter(Object(CodeIgniter\CodeIgniter))
11 FCPATH\index.php(56): CodeIgniter\Boot::bootWeb(Object(Config\Paths))
CRITICAL - 2024-09-07 20:05:37 --> ErrorException: Undefined variable $clientes
[Method: GET, Route: /]
in APPPATH\Views\clientes\index.php on line 27.
 1 APPPATH\Views\clientes\index.php(27): CodeIgniter\Debug\Exceptions->errorHandler(2, 'Undefined variable $clientes', 'C:\\xampp\\htdocs\\frame_ci4\\Parcial\\app\\Views\\clientes\\index.php', 27)
 2 SYSTEMPATH\View\View.php(234): include('C:\\xampp\\htdocs\\frame_ci4\\Parcial\\app\\Views\\clientes\\index.php')
 3 SYSTEMPATH\View\View.php(237): CodeIgniter\View\View->CodeIgniter\View\{closure}()
 4 SYSTEMPATH\Common.php(1169): CodeIgniter\View\View->render('clientes/index', [], true)
 5 APPPATH\Controllers\Home.php(9): view('clientes/index')
 6 SYSTEMPATH\CodeIgniter.php(933): App\Controllers\Home->index()
 7 SYSTEMPATH\CodeIgniter.php(509): CodeIgniter\CodeIgniter->runController(Object(App\Controllers\Home))
 8 SYSTEMPATH\CodeIgniter.php(355): CodeIgniter\CodeIgniter->handleRequest(null, Object(Config\Cache), false)
 9 SYSTEMPATH\Boot.php(325): CodeIgniter\CodeIgniter->run()
10 SYSTEMPATH\Boot.php(67): CodeIgniter\Boot::runCodeIgniter(Object(CodeIgniter\CodeIgniter))
11 FCPATH\index.php(56): CodeIgniter\Boot::bootWeb(Object(Config\Paths))
CRITICAL - 2024-09-07 20:07:51 --> ErrorException: Undefined variable $clientes
[Method: GET, Route: /]
in APPPATH\Views\clientes\index.php on line 27.
 1 APPPATH\Views\clientes\index.php(27): CodeIgniter\Debug\Exceptions->errorHandler(2, 'Undefined variable $clientes', 'C:\\xampp\\htdocs\\frame_ci4\\Parcial\\app\\Views\\clientes\\index.php', 27)
 2 SYSTEMPATH\View\View.php(234): include('C:\\xampp\\htdocs\\frame_ci4\\Parcial\\app\\Views\\clientes\\index.php')
 3 SYSTEMPATH\View\View.php(237): CodeIgniter\View\View->CodeIgniter\View\{closure}()
 4 SYSTEMPATH\Common.php(1169): CodeIgniter\View\View->render('clientes/index', [], true)
 5 APPPATH\Controllers\Home.php(9): view('clientes/index')
 6 SYSTEMPATH\CodeIgniter.php(933): App\Controllers\Home->index()
 7 SYSTEMPATH\CodeIgniter.php(509): CodeIgniter\CodeIgniter->runController(Object(App\Controllers\Home))
 8 SYSTEMPATH\CodeIgniter.php(355): CodeIgniter\CodeIgniter->handleRequest(null, Object(Config\Cache), false)
 9 SYSTEMPATH\Boot.php(325): CodeIgniter\CodeIgniter->run()
10 SYSTEMPATH\Boot.php(67): CodeIgniter\Boot::runCodeIgniter(Object(CodeIgniter\CodeIgniter))
11 FCPATH\index.php(56): CodeIgniter\Boot::bootWeb(Object(Config\Paths))
